<?xml version="1.0" encoding="UTF-8"?>
<testng-results ignored="0" total="1" passed="1" failed="0" skipped="0">
  <reporter-output>
  </reporter-output>
  <suite started-at="2021-04-01T11:18:06 ICT" name="Default suite" finished-at="2021-04-01T11:18:14 ICT" duration-ms="7918">
    <groups>
    </groups>
    <test started-at="2021-04-01T11:18:06 ICT" name="Default test" finished-at="2021-04-01T11:18:14 ICT" duration-ms="7918">
      <class name="Login_Scenario1">
        <test-method signature="login()[pri:0, instance:Login_Scenario1@3098cf3b]" started-at="2021-04-01T11:18:06 ICT" name="login" finished-at="2021-04-01T11:18:14 ICT" duration-ms="7892" status="PASS">
          <reporter-output>
          </reporter-output>
        </test-method> <!-- login -->
      </class> <!-- Login_Scenario1 -->
    </test> <!-- Default test -->
  </suite> <!-- Default suite -->
</testng-results>
